-------------------------------------------------------------------------------
Test set: es.tierno.daw.trasnferdaw.model.bbdd.BBDDTest
-------------------------------------------------------------------------------
Tests run: 11, Failures: 2, Errors: 0, Skipped: 0, Time elapsed: 0.314 sec <<< FAILURE!
es.tierno.daw.trasnferdaw.model.bbdd.BBDDTest.testVisualizarContrato()  Time elapsed: 0.027 sec  <<< FAILURE!
org.opentest4j.AssertionFailedError: El tipo de contrato debería ser 'nuevo fichaje' ==> expected: <nuevo fichaje> but was: <fichaje>
	at org.junit.jupiter.api.AssertionFailureBuilder.build(AssertionFailureBuilder.java:151)
	at org.junit.jupiter.api.AssertionFailureBuilder.buildAndThrow(AssertionFailureBuilder.java:132)
	at org.junit.jupiter.api.AssertEquals.failNotEqual(AssertEquals.java:197)
	at org.junit.jupiter.api.AssertEquals.assertEquals(AssertEquals.java:182)
	at org.junit.jupiter.api.Assertions.assertEquals(Assertions.java:1156)
	at es.tierno.daw.trasnferdaw.model.bbdd.BBDDTest.testVisualizarContrato(BBDDTest.java:423)

es.tierno.daw.trasnferdaw.model.bbdd.BBDDTest.testVisualizarValorMercadoHistorial()  Time elapsed: 0.018 sec  <<< FAILURE!
org.opentest4j.AssertionFailedError: Valor de mercado incorrecto ==> expected: <1.0> but was: <1000000.0>
	at org.junit.jupiter.api.AssertionFailureBuilder.build(AssertionFailureBuilder.java:151)
	at org.junit.jupiter.api.AssertionFailureBuilder.buildAndThrow(AssertionFailureBuilder.java:132)
	at org.junit.jupiter.api.AssertEquals.failNotEqual(AssertEquals.java:197)
	at org.junit.jupiter.api.AssertEquals.assertEquals(AssertEquals.java:118)
	at org.junit.jupiter.api.Assertions.assertEquals(Assertions.java:870)
	at es.tierno.daw.trasnferdaw.model.bbdd.BBDDTest.testVisualizarValorMercadoHistorial(BBDDTest.java:627)

